# JRE version: OpenJDK Runtime Environment (8.0_152-b01) (build 1.8.0_152-release-915-b01)
# Java VM: OpenJDK 64-Bit Server VM (25.152-b01 mixed mode windows-amd64 compressed oops)
Heap:
 PSYoungGen      total 320000K, used 278614K [0x00000000e0000000, 0x00000000f5980000, 0x0000000100000000)
  eden space 301568K, 88% used [0x00000000e0000000,0x00000000f05f4b88,0x00000000f2680000)
  from space 18432K, 56% used [0x00000000f4780000,0x00000000f51a0e30,0x00000000f5980000)
  to   space 26112K, 0% used [0x00000000f2680000,0x00000000f2680000,0x00000000f4000000)
 ParOldGen       total 154112K, used 76649K [0x00000000a0000000, 0x00000000a9680000, 0x00000000e0000000)
  object space 154112K, 49% used [0x00000000a0000000,0x00000000a4ada6e0,0x00000000a9680000)
 Metaspace       used 83805K, capacity 89088K, committed 89176K, reserved 1126400K
  class space    used 10640K, capacity 11828K, committed 11904K, reserved 1048576K
GC Heap History (10 events):
Event: 1431.866 GC heap before
{Heap before GC invocations=24 (full 3):
 PSYoungGen      total 250368K, used 242719K [0x00000000e0000000, 0x00000000f1400000, 0x0000000100000000)
  eden space 224256K, 100% used [0x00000000e0000000,0x00000000edb00000,0x00000000edb00000)
  from space 26112K, 70% used [0x00000000efa80000,0x00000000f0c87d80,0x00000000f1400000)
  to   space 29184K, 0% used [0x00000000edb00000,0x00000000edb00000,0x00000000ef780000)
 ParOldGen       total 92160K, used 76257K [0x00000000a0000000, 0x00000000a5a00000, 0x00000000e0000000)
  object space 92160K, 82% used [0x00000000a0000000,0x00000000a4a784b0,0x00000000a5a00000)
 Metaspace       used 80394K, capacity 84366K, committed 84696K, reserved 1122304K
  class space    used 10232K, capacity 11161K, committed 11264K, reserved 1048576K
Event: 1431.903 GC heap after
Heap after GC invocations=24 (full 3):
 PSYoungGen      total 253440K, used 16050K [0x00000000e0000000, 0x00000000f3d00000, 0x0000000100000000)
  eden space 224256K, 0% used [0x00000000e0000000,0x00000000e0000000,0x00000000edb00000)
  from space 29184K, 54% used [0x00000000edb00000,0x00000000eeaac8c0,0x00000000ef780000)
  to   space 29184K, 0% used [0x00000000f2080000,0x00000000f2080000,0x00000000f3d00000)
 ParOldGen       total 92160K, used 80205K [0x00000000a0000000, 0x00000000a5a00000, 0x00000000e0000000)
  object space 92160K, 87% used [0x00000000a0000000,0x00000000a4e53590,0x00000000a5a00000)
 Metaspace       used 80394K, capacity 84366K, committed 84696K, reserved 1122304K
  class space    used 10232K, capacity 11161K, committed 11264K, reserved 1048576K
}
Event: 1431.904 GC heap before
{Heap before GC invocations=25 (full 4):
 PSYoungGen      total 253440K, used 16050K [0x00000000e0000000, 0x00000000f3d00000, 0x0000000100000000)
  eden space 224256K, 0% used [0x00000000e0000000,0x00000000e0000000,0x00000000edb00000)
  from space 29184K, 54% used [0x00000000edb00000,0x00000000eeaac8c0,0x00000000ef780000)
  to   space 29184K, 0% used [0x00000000f2080000,0x00000000f2080000,0x00000000f3d00000)
 ParOldGen       total 92160K, used 80205K [0x00000000a0000000, 0x00000000a5a00000, 0x00000000e0000000)
  object space 92160K, 87% used [0x00000000a0000000,0x00000000a4e53590,0x00000000a5a00000)
 Metaspace       used 80394K, capacity 84366K, committed 84696K, reserved 1122304K
  class space    used 10232K, capacity 11161K, committed 11264K, reserved 1048576K
Event: 1435.044 GC heap after
Heap after GC invocations=25 (full 4):
 PSYoungGen      total 253440K, used 0K [0x00000000e0000000, 0x00000000f3d00000, 0x0000000100000000)
  eden space 224256K, 0% used [0x00000000e0000000,0x00000000e0000000,0x00000000edb00000)
  from space 29184K, 0% used [0x00000000edb00000,0x00000000edb00000,0x00000000ef780000)
  to   space 29184K, 0% used [0x00000000f2080000,0x00000000f2080000,0x00000000f3d00000)
 ParOldGen       total 154112K, used 76625K [0x00000000a0000000, 0x00000000a9680000, 0x00000000e0000000)
  object space 154112K, 49% used [0x00000000a0000000,0x00000000a4ad46e0,0x00000000a9680000)
 Metaspace       used 80376K, capacity 84326K, committed 84696K, reserved 1122304K
  class space    used 10225K, capacity 11149K, committed 11264K, reserved 1048576K
}
Event: 1450.748 GC heap before
{Heap before GC invocations=26 (full 4):
 PSYoungGen      total 253440K, used 223480K [0x00000000e0000000, 0x00000000f3d00000, 0x0000000100000000)
  eden space 224256K, 99% used [0x00000000e0000000,0x00000000eda3e030,0x00000000edb00000)
  from space 29184K, 0% used [0x00000000edb00000,0x00000000edb00000,0x00000000ef780000)
  to   space 29184K, 0% used [0x00000000f2080000,0x00000000f2080000,0x00000000f3d00000)
 ParOldGen       total 154112K, used 76625K [0x00000000a0000000, 0x00000000a9680000, 0x00000000e0000000)
  object space 154112K, 49% used [0x00000000a0000000,0x00000000a4ad46e0,0x00000000a9680000)
 Metaspace       used 80942K, capacity 85012K, committed 85208K, reserved 1124352K
  class space    used 10296K, capacity 11260K, committed 11264K, reserved 1048576K
Event: 1450.784 GC heap after
Heap after GC invocations=26 (full 4):
 PSYoungGen      total 293376K, used 7607K [0x00000000e0000000, 0x00000000f3b00000, 0x0000000100000000)
  eden space 266240K, 0% used [0x00000000e0000000,0x00000000e0000000,0x00000000f0400000)
  from space 27136K, 28% used [0x00000000f2080000,0x00000000f27edd68,0x00000000f3b00000)
  to   space 28160K, 0% used [0x00000000f0400000,0x00000000f0400000,0x00000000f1f80000)
 ParOldGen       total 154112K, used 76633K [0x00000000a0000000, 0x00000000a9680000, 0x00000000e0000000)
  object space 154112K, 49% used [0x00000000a0000000,0x00000000a4ad66e0,0x00000000a9680000)
 Metaspace       used 80942K, capacity 85012K, committed 85208K, reserved 1124352K
  class space    used 10296K, capacity 11260K, committed 11264K, reserved 1048576K
}
Event: 1508.099 GC heap before
{Heap before GC invocations=27 (full 4):
 PSYoungGen      total 293376K, used 273847K [0x00000000e0000000, 0x00000000f3b00000, 0x0000000100000000)
  eden space 266240K, 100% used [0x00000000e0000000,0x00000000f0400000,0x00000000f0400000)
  from space 27136K, 28% used [0x00000000f2080000,0x00000000f27edd68,0x00000000f3b00000)
  to   space 28160K, 0% used [0x00000000f0400000,0x00000000f0400000,0x00000000f1f80000)
 ParOldGen       total 154112K, used 76633K [0x00000000a0000000, 0x00000000a9680000, 0x00000000e0000000)
  object space 154112K, 49% used [0x00000000a0000000,0x00000000a4ad66e0,0x00000000a9680000)
 Metaspace       used 81969K, capacity 86254K, committed 86488K, reserved 1124352K
  class space    used 10443K, capacity 11431K, committed 11520K, reserved 1048576K
Event: 1508.117 GC heap after
Heap after GC invocations=27 (full 4):
 PSYoungGen      total 294400K, used 8653K [0x00000000e0000000, 0x00000000f6200000, 0x0000000100000000)
  eden space 266240K, 0% used [0x00000000e0000000,0x00000000e0000000,0x00000000f0400000)
  from space 28160K, 30% used [0x00000000f0400000,0x00000000f0c73600,0x00000000f1f80000)
  to   space 27136K, 0% used [0x00000000f4780000,0x00000000f4780000,0x00000000f6200000)
 ParOldGen       total 154112K, used 76641K [0x00000000a0000000, 0x00000000a9680000, 0x00000000e0000000)
  object space 154112K, 49% used [0x00000000a0000000,0x00000000a4ad86e0,0x00000000a9680000)
 Metaspace       used 81969K, capacity 86254K, committed 86488K, reserved 1124352K
  class space    used 10443K, capacity 11431K, committed 11520K, reserved 1048576K
}
Event: 1883.004 GC heap before
{Heap before GC invocations=28 (full 4):
 PSYoungGen      total 294400K, used 274893K [0x00000000e0000000, 0x00000000f6200000, 0x0000000100000000)
  eden space 266240K, 100% used [0x00000000e0000000,0x00000000f0400000,0x00000000f0400000)
  from space 28160K, 30% used [0x00000000f0400000,0x00000000f0c73600,0x00000000f1f80000)
  to   space 27136K, 0% used [0x00000000f4780000,0x00000000f4780000,0x00000000f6200000)
 ParOldGen       total 154112K, used 76641K [0x00000000a0000000, 0x00000000a9680000, 0x00000000e0000000)
  object space 154112K, 49% used [0x00000000a0000000,0x00000000a4ad86e0,0x00000000a9680000)
 Metaspace       used 82798K, capacity 87484K, committed 87640K, reserved 1126400K
  class space    used 10516K, capacity 11616K, committed 11648K, reserved 1048576K
Event: 1883.210 GC heap after
Heap after GC invocations=28 (full 4):
 PSYoungGen      total 320000K, used 10371K [0x00000000e0000000, 0x00000000f5980000, 0x0000000100000000)
  eden space 301568K, 0% used [0x00000000e0000000,0x00000000e0000000,0x00000000f2680000)
  from space 18432K, 56% used [0x00000000f4780000,0x00000000f51a0e30,0x00000000f5980000)
  to   space 26112K, 0% used [0x00000000f2680000,0x00000000f2680000,0x00000000f4000000)
 ParOldGen       total 154112K, used 76649K [0x00000000a0000000, 0x00000000a9680000, 0x00000000e0000000)
  object space 154112K, 49% used [0x00000000a0000000,0x00000000a4ada6e0,0x00000000a9680000)
 Metaspace       used 82798K, capacity 87484K, committed 87640K, reserved 1126400K
  class space    used 10516K, capacity 11616K, committed 11648K, reserved 1048576K
}

